2021-01-06 17:38:09 Loading main app package /tmp/.mount_obsidiOwVs18/resources/obsidian.asar
2021-01-06 17:38:10 Checking for update using Github
2021-01-06 17:38:10 Failed to check for update using Github (net module can only be used after app is ready)
2021-01-06 17:38:10 Checking for update using obsidian.md
2021-01-06 17:38:10 Failed to check for update using obsidian.md (net module can only be used after app is ready)
2021-01-06 18:38:10 Checking for update using Github
2021-01-06 18:38:13 Success.
2021-01-06 18:38:13 Latest version is 0.10.6
2021-01-06 18:38:13 App is up to date.
2021-01-07 10:49:07 Loading main app package /tmp/.mount_obsidiiR37p7/resources/obsidian.asar
2021-01-07 10:49:07 Checking for update using Github
2021-01-07 10:49:07 Failed to check for update using Github (net module can only be used after app is ready)
2021-01-07 10:49:07 Checking for update using obsidian.md
2021-01-07 10:49:07 Failed to check for update using obsidian.md (net module can only be used after app is ready)
2021-01-07 12:16:53 Loading main app package /tmp/.mount_obsidif1r0Ea/resources/obsidian.asar
2021-01-07 12:16:54 Checking for update using Github
2021-01-07 12:16:54 Failed to check for update using Github (net module can only be used after app is ready)
2021-01-07 12:16:54 Checking for update using obsidian.md
2021-01-07 12:16:54 Failed to check for update using obsidian.md (net module can only be used after app is ready)
2021-01-07 13:16:53 Checking for update using Github
2021-01-07 13:16:54 Success.
2021-01-07 13:16:54 Latest version is 0.10.6
2021-01-07 13:16:54 App is up to date.
2021-01-07 14:16:54 Checking for update using Github
2021-01-07 14:16:54 Success.
2021-01-07 14:16:54 Latest version is 0.10.6
2021-01-07 14:16:54 App is up to date.
2021-01-07 15:16:54 Checking for update using Github
2021-01-07 15:16:54 Success.
2021-01-07 15:16:54 Latest version is 0.10.6
2021-01-07 15:16:54 App is up to date.
2021-01-07 16:16:54 Checking for update using Github
2021-01-07 16:16:54 Success.
2021-01-07 16:16:54 Latest version is 0.10.6
2021-01-07 16:16:54 App is up to date.
2021-01-07 17:16:54 Checking for update using Github
2021-01-07 17:16:55 Success.
2021-01-07 17:16:55 Latest version is 0.10.6
2021-01-07 17:16:55 App is up to date.
2021-01-07 18:16:54 Checking for update using Github
2021-01-07 18:16:55 Success.
2021-01-07 18:16:55 Latest version is 0.10.6
2021-01-07 18:16:55 App is up to date.
2021-01-07 19:16:54 Checking for update using Github
2021-01-07 19:16:55 Success.
2021-01-07 19:16:55 Latest version is 0.10.6
2021-01-07 19:16:55 App is up to date.
2021-01-07 20:16:54 Checking for update using Github
2021-01-07 20:16:55 Success.
2021-01-07 20:16:55 Latest version is 0.10.6
2021-01-07 20:16:55 App is up to date.
2021-01-07 21:16:54 Checking for update using Github
2021-01-07 21:16:55 Success.
2021-01-07 21:16:55 Latest version is 0.10.6
2021-01-07 21:16:55 App is up to date.
2021-01-07 22:16:54 Checking for update using Github
2021-01-07 22:16:55 Success.
2021-01-07 22:16:55 Latest version is 0.10.6
2021-01-07 22:16:55 App is up to date.
2021-01-08 15:42:52 Loading main app package /tmp/.mount_obsidikUABf9/resources/obsidian.asar
2021-01-08 15:42:52 Checking for update using Github
2021-01-08 15:42:52 Failed to check for update using Github (net module can only be used after app is ready)
2021-01-08 15:42:52 Checking for update using obsidian.md
2021-01-08 15:42:52 Failed to check for update using obsidian.md (net module can only be used after app is ready)
2021-01-08 16:42:52 Checking for update using Github
2021-01-08 16:42:53 Success.
2021-01-08 16:42:53 Latest version is 0.10.6
2021-01-08 16:42:53 App is up to date.
2021-01-08 17:42:52 Checking for update using Github
2021-01-08 17:42:53 Success.
2021-01-08 17:42:53 Latest version is 0.10.6
2021-01-08 17:42:53 App is up to date.
2021-01-08 18:42:52 Checking for update using Github
2021-01-08 18:42:53 Success.
2021-01-08 18:42:53 Latest version is 0.10.6
2021-01-08 18:42:53 App is up to date.
2021-01-08 19:42:52 Checking for update using Github
2021-01-08 19:42:53 Success.
2021-01-08 19:42:53 Latest version is 0.10.6
2021-01-08 19:42:53 App is up to date.
2021-01-08 20:42:52 Checking for update using Github
2021-01-08 20:42:53 Success.
2021-01-08 20:42:53 Latest version is 0.10.6
2021-01-08 20:42:53 App is up to date.
2021-01-08 21:42:52 Checking for update using Github
2021-01-08 21:42:53 Success.
2021-01-08 21:42:53 Latest version is 0.10.6
2021-01-08 21:42:53 App is up to date.
2021-01-08 22:42:52 Checking for update using Github
2021-01-08 22:42:53 Success.
2021-01-08 22:42:53 Latest version is 0.10.6
2021-01-08 22:42:53 App is up to date.
2021-01-08 23:42:52 Checking for update using Github
2021-01-08 23:42:53 Success.
2021-01-08 23:42:53 Latest version is 0.10.6
2021-01-08 23:42:53 App is up to date.
2021-01-09 00:42:52 Checking for update using Github
2021-01-09 00:42:53 Success.
2021-01-09 00:42:53 Latest version is 0.10.6
2021-01-09 00:42:53 App is up to date.
2021-01-09 01:42:53 Checking for update using Github
2021-01-09 01:42:53 Success.
2021-01-09 01:42:53 Latest version is 0.10.6
2021-01-09 01:42:53 App is up to date.
2021-01-09 02:42:53 Checking for update using Github
2021-01-09 02:42:53 Success.
2021-01-09 02:42:53 Latest version is 0.10.6
2021-01-09 02:42:53 App is up to date.
2021-01-09 03:42:53 Checking for update using Github
2021-01-09 03:42:53 Success.
2021-01-09 03:42:53 Latest version is 0.10.6
2021-01-09 03:42:53 App is up to date.
2021-01-09 04:42:53 Checking for update using Github
2021-01-09 04:42:53 Success.
2021-01-09 04:42:53 Latest version is 0.10.6
2021-01-09 04:42:53 App is up to date.
2021-01-09 05:42:53 Checking for update using Github
2021-01-09 05:42:54 Success.
2021-01-09 05:42:54 Latest version is 0.10.6
2021-01-09 05:42:54 App is up to date.
2021-01-09 06:42:53 Checking for update using Github
2021-01-09 06:42:53 Success.
2021-01-09 06:42:53 Latest version is 0.10.6
2021-01-09 06:42:53 App is up to date.
2021-01-09 07:42:53 Checking for update using Github
2021-01-09 07:42:54 Success.
2021-01-09 07:42:54 Latest version is 0.10.6
2021-01-09 07:42:54 App is up to date.
2021-01-09 08:42:53 Checking for update using Github
2021-01-09 08:42:54 Success.
2021-01-09 08:42:54 Latest version is 0.10.6
2021-01-09 08:42:54 App is up to date.
2021-01-09 09:42:53 Checking for update using Github
2021-01-09 09:42:54 Success.
2021-01-09 09:42:54 Latest version is 0.10.6
2021-01-09 09:42:54 App is up to date.
2021-01-09 10:42:53 Checking for update using Github
2021-01-09 10:42:54 Success.
2021-01-09 10:42:54 Latest version is 0.10.6
2021-01-09 10:42:54 App is up to date.
2021-01-09 11:42:53 Checking for update using Github
2021-01-09 11:42:54 Success.
2021-01-09 11:42:54 Latest version is 0.10.6
2021-01-09 11:42:54 App is up to date.
2021-01-09 12:42:53 Checking for update using Github
2021-01-09 12:42:54 Success.
2021-01-09 12:42:54 Latest version is 0.10.6
2021-01-09 12:42:54 App is up to date.
2021-01-09 13:42:53 Checking for update using Github
2021-01-09 13:42:54 Success.
2021-01-09 13:42:54 Latest version is 0.10.6
2021-01-09 13:42:54 App is up to date.
2021-01-09 14:42:53 Checking for update using Github
2021-01-09 14:42:54 Success.
2021-01-09 14:42:54 Latest version is 0.10.6
2021-01-09 14:42:54 App is up to date.
2021-01-09 15:42:53 Checking for update using Github
2021-01-09 15:42:54 Success.
2021-01-09 15:42:54 Latest version is 0.10.6
2021-01-09 15:42:54 App is up to date.
2021-01-09 16:42:54 Checking for update using Github
2021-01-09 16:42:54 Success.
2021-01-09 16:42:54 Latest version is 0.10.6
2021-01-09 16:42:54 App is up to date.
2021-01-09 17:42:54 Checking for update using Github
2021-01-09 17:42:54 Success.
2021-01-09 17:42:54 Latest version is 0.10.6
2021-01-09 17:42:54 App is up to date.
2021-01-09 18:42:54 Checking for update using Github
2021-01-09 18:42:54 Success.
2021-01-09 18:42:54 Latest version is 0.10.6
2021-01-09 18:42:54 App is up to date.
2021-01-09 19:42:54 Checking for update using Github
2021-01-09 19:42:55 Success.
2021-01-09 19:42:55 Latest version is 0.10.6
2021-01-09 19:42:55 App is up to date.
2021-01-09 20:42:54 Checking for update using Github
2021-01-09 20:42:54 Success.
2021-01-09 20:42:54 Latest version is 0.10.6
2021-01-09 20:42:54 App is up to date.
2021-01-09 21:42:54 Checking for update using Github
2021-01-09 21:42:55 Success.
2021-01-09 21:42:55 Latest version is 0.10.6
2021-01-09 21:42:55 App is up to date.
2021-01-09 22:42:54 Checking for update using Github
2021-01-09 22:42:55 Success.
2021-01-09 22:42:55 Latest version is 0.10.6
2021-01-09 22:42:55 App is up to date.
2021-01-10 14:09:29 Loading main app package /tmp/.mount_obsidiwzsAJm/resources/obsidian.asar
2021-01-10 14:09:29 Checking for update using Github
2021-01-10 14:09:29 Failed to check for update using Github (net module can only be used after app is ready)
2021-01-10 14:09:29 Checking for update using obsidian.md
2021-01-10 14:09:29 Failed to check for update using obsidian.md (net module can only be used after app is ready)
2021-01-10 15:09:29 Checking for update using Github
2021-01-10 15:09:30 Success.
2021-01-10 15:09:30 Latest version is 0.10.6
2021-01-10 15:09:30 App is up to date.
2021-01-10 16:09:29 Checking for update using Github
2021-01-10 16:09:30 Success.
2021-01-10 16:09:30 Latest version is 0.10.6
2021-01-10 16:09:30 App is up to date.
2021-01-10 17:09:29 Checking for update using Github
2021-01-10 17:09:30 Success.
2021-01-10 17:09:30 Latest version is 0.10.6
2021-01-10 17:09:30 App is up to date.
2021-01-10 18:09:29 Checking for update using Github
2021-01-10 18:09:30 Success.
2021-01-10 18:09:30 Latest version is 0.10.6
2021-01-10 18:09:30 App is up to date.
2021-01-10 19:09:29 Checking for update using Github
2021-01-10 19:09:30 Success.
2021-01-10 19:09:30 Latest version is 0.10.6
2021-01-10 19:09:30 App is up to date.
2021-01-10 20:09:29 Checking for update using Github
2021-01-10 20:09:30 Success.
2021-01-10 20:09:30 Latest version is 0.10.6
2021-01-10 20:09:30 App is up to date.
2021-01-10 21:09:29 Checking for update using Github
2021-01-10 21:09:30 Success.
2021-01-10 21:09:30 Latest version is 0.10.6
2021-01-10 21:09:30 App is up to date.
2021-01-10 22:09:29 Checking for update using Github
2021-01-10 22:09:30 Success.
2021-01-10 22:09:30 Latest version is 0.10.6
2021-01-10 22:09:30 App is up to date.
2021-01-10 23:09:30 Checking for update using Github
2021-01-10 23:09:30 Failed to check for update using Github (net::ERR_INTERNET_DISCONNECTED)
2021-01-10 23:09:30 Checking for update using obsidian.md
2021-01-10 23:09:30 Failed to check for update using obsidian.md (net::ERR_INTERNET_DISCONNECTED)
2021-01-11 00:09:30 Checking for update using Github
2021-01-11 00:09:30 Success.
2021-01-11 00:09:30 Latest version is 0.10.6
2021-01-11 00:09:30 App is up to date.
2021-01-11 01:09:30 Checking for update using Github
2021-01-11 01:09:30 Success.
2021-01-11 01:09:30 Latest version is 0.10.6
2021-01-11 01:09:30 App is up to date.
2021-01-11 14:55:04 Loading main app package /tmp/.mount_obsidiNbeAuT/resources/obsidian.asar
2021-01-11 14:55:04 Checking for update using Github
2021-01-11 14:55:04 Failed to check for update using Github (net module can only be used after app is ready)
2021-01-11 14:55:04 Checking for update using obsidian.md
2021-01-11 14:55:04 Failed to check for update using obsidian.md (net module can only be used after app is ready)
2021-01-11 15:55:04 Checking for update using Github
2021-01-11 15:55:05 Success.
2021-01-11 15:55:05 Latest version is 0.10.6
2021-01-11 15:55:05 App is up to date.
